(0000) 3000  0011000000000000 (   9)                 .ORIG x3000
(3000) 5020  0101000000100000 (  12)                 AND   R0 R0 #0
(3001) 5260  0101001001100000 (  13)                 AND   R1 R1 #0
(3002) 54A0  0101010010100000 (  14)                 AND   R2 R2 #0
(3003) 56E0  0101011011100000 (  15)                 AND   R3 R3 #0
(3004) 5920  0101100100100000 (  16)                 AND   R4 R4 #0
(3005) 5FE0  0101111111100000 (  17)                 AND   R7 R7 #0
(3006) E060  1110000001100000 (  19)                 LEA   R0 programPurpose
(3007) F022  1111000000100010 (  20)                 TRAP  x22
(3008) 480C  0100100000001100 (  24)                 JSR   getInput
(3009) 304C  0011000001001100 (  25)                 ST    R0 valueDecimal1
(300A) 480A  0100100000001010 (  27)                 JSR   getInput
(300B) 304B  0011000001001011 (  28)                 ST    R0 valueDecimal2
(300C) 2249  0010001001001001 (  31)                 LD    R1 valueDecimal1
(300D) 2448  0010010001001000 (  32)                 LD    R2 valueDecimal1
(300E) 1042  0001000001000010 (  35)                 ADD   R0 R1 R2
(300F) 4826  0100100000100110 (  38)                 JSR   sumLogic
(3010) E0DE  1110000011011110 (  41)                 LEA   R0 sumPrompt
(3011) F022  1111000000100010 (  42)                 TRAP  x22
(3012) E046  1110000001000110 (  43)                 LEA   R0 sumHundredsPlaceDigit
(3013) F022  1111000000100010 (  44)                 TRAP  x22
(3014) F025  1111000000100101 (  47) Done            TRAP  x25
(3015) 5020  0101000000100000 (  53) getInput        AND   R0 R0 #0
(3016) 324B  0011001001001011 (  54)                 ST    R1 tempR1
(3017) 344B  0011010001001011 (  55)                 ST    R2 tempR2
(3018) 364B  0011011001001011 (  56)                 ST    R3 tempR3
(3019) 384B  0011100001001011 (  57)                 ST    R4 tempR4
(301A) 3E4B  0011111001001011 (  58)                 ST    R7 tempR7
(301B) E0B7  1110000010110111 (  62)                 LEA   R0 userPrompt
(301C) F022  1111000000100010 (  63)                 TRAP  x22
(301D) F020  1111000000100000 (  67)                 TRAP  x20
(301E) F021  1111000000100001 (  68)                 TRAP  x21
(301F) 3035  0011000000110101 (  69)                 ST    R0 inputValueTens
(3020) F020  1111000000100000 (  71)                 TRAP  x20
(3021) F021  1111000000100001 (  72)                 TRAP  x21
(3022) 3031  0011000000110001 (  73)                 ST    R0 inputValueOnes
(3023) 20D3  0010000011010011 (  76)                 LD    R0 newLine
(3024) F021  1111000000100001 (  77)                 TRAP  x21
(3025) 202F  0010000000101111 (  79)                 LD    R0 inputValueTens
(3026) 222D  0010001000101101 (  80)                 LD    R1 inputValueOnes
(3027) 2435  0010010000110101 (  81)                 LD    R2 asciiNegHexOffset
(3028) 1002  0001000000000010 (  83)                 ADD   R0 R0 R2
(3029) 1242  0001001001000010 (  84)                 ADD   R1 R1 R2
(302A) 1900  0001100100000000 (  85)                 ADD   R4 R4 R0
(302B) 16E9  0001011011101001 (  88)                 ADD   R3 R3 #9
(302C) 1004  0001000000000100 (  92) MULTIPLY        ADD   R0 R0 R4
(302D) 16FF  0001011011111111 (  93)                 ADD   R3 R3 #-1
(302E) 03FD  0000001111111101 (  94)                 BRP   MULTIPLY
(302F) 1001  0001000000000001 (  96)                 ADD   R0 R0 R1
(3030) 2231  0010001000110001 ( 101)                 LD    R1 tempR1
(3031) 2431  0010010000110001 ( 102)                 LD    R2 tempR2
(3032) 2631  0010011000110001 ( 103)                 LD    R3 tempR3
(3033) 2831  0010100000110001 ( 104)                 LD    R4 tempR4
(3034) 2E31  0010111000110001 ( 105)                 LD    R7 tempR7
(3035) C1C0  1100000111000000 ( 107)                 RET   
(3036) 322B  0011001000101011 ( 110) sumLogic        ST    R1 tempR1
(3037) 342B  0011010000101011 ( 111)                 ST    R2 tempR2
(3038) 362B  0011011000101011 ( 112)                 ST    R3 tempR3
(3039) 3E2C  0011111000101100 ( 113)                 ST    R7 tempR7
(303A) 54A0  0101010010100000 ( 118)                 AND   R2 R2 #0
(303B) 2224  0010001000100100 ( 120)                 LD    R1 negativeOneHundred
(303C) 2621  0010011000100001 ( 121)                 LD    R3 asciiHexOffset
(303D) 14A1  0001010010100001 ( 124) LoopHundreds    ADD   R2 R2 #1
(303E) 1001  0001000000000001 ( 125)                 ADD   R0 R0 R1
(303F) 03FD  0000001111111101 ( 126)                 BRP   LoopHundreds
(3040) 221E  0010001000011110 ( 129)                 LD    R1 oneHundred
(3041) 1001  0001000000000001 ( 130)                 ADD   R0 R0 R1
(3042) 14BF  0001010010111111 ( 131)                 ADD   R2 R2 #-1
(3043) 1483  0001010010000011 ( 133)                 ADD   R2 R2 R3
(3044) 3414  0011010000010100 ( 134)                 ST    R2 sumHundredsPlaceDigit
(3045) 54A0  0101010010100000 ( 137)                 AND   R2 R2 #0
(3046) 14A1  0001010010100001 ( 140) LoopTens        ADD   R2 R2 #1
(3047) 1036  0001000000110110 ( 141)                 ADD   R0 R0 #-10
(3048) 03FD  0000001111111101 ( 142)                 BRP   LoopTens
(3049) 102A  0001000000101010 ( 145)                 ADD   R0 R0 #10
(304A) 14BF  0001010010111111 ( 146)                 ADD   R2 R2 #-1
(304B) 1483  0001010010000011 ( 148)                 ADD   R2 R2 R3
(304C) 340D  0011010000001101 ( 149)                 ST    R2 sumTensPlaceDigit
(304D) 1003  0001000000000011 ( 153) LoopOnes        ADD   R0 R0 R3
(304E) 300C  0011000000001100 ( 154)                 ST    R0 sumOnesPlaceDigit
(304F) 2E16  0010111000010110 ( 156)                 LD    R7 tempR7
(3050) 2613  0010011000010011 ( 157)                 LD    R3 tempR3
(3051) 2411  0010010000010001 ( 158)                 LD    R2 tempR2
(3052) 220F  0010001000001111 ( 159)                 LD    R1 tempR1
(3053) C1C0  1100000111000000 ( 160)                 RET   
(3054) 0000  0000000000000000 ( 163) inputValueOnes  .FILL x0000
(3055) 0000  0000000000000000 ( 164) inputValueTens  .FILL x0000
(3056) 0000  0000000000000000 ( 166) valueDecimal1   .FILL x0000
(3057) 0000  0000000000000000 ( 167) valueDecimal2   .FILL x0000
(3058) 0000  0000000000000000 ( 168) sumDecimal      .FILL x0000
(3059) 0000  0000000000000000 ( 170) sumHundredsPlaceDigit .FILL x0000
(305A) 0000  0000000000000000 ( 171) sumTensPlaceDigit .FILL x0000
(305B) 0000  0000000000000000 ( 172) sumOnesPlaceDigit .FILL x0000
(305C) 0000  0000000000000000 ( 173) sumNullPuts     .FILL x0000
(305D) FFD0  1111111111010000 ( 175) asciiNegHexOffset .FILL xFFD0
(305E) 0030  0000000000110000 ( 176) asciiHexOffset  .FILL x0030
(305F) 0064  0000000001100100 ( 177) oneHundred      .FILL x0064
(3060) FF9C  1111111110011100 ( 178) negativeOneHundred .FILL xFF9C
(3061) 0000  0000000000000000 ( 180) tempR0          .FILL x0000
(3062) 0000  0000000000000000 ( 181) tempR1          .FILL x0000
(3063) 0000  0000000000000000 ( 182) tempR2          .FILL x0000
(3064) 0000  0000000000000000 ( 183) tempR3          .FILL x0000
(3065) 0000  0000000000000000 ( 184) tempR4          .FILL x0000
(3066) 0000  0000000000000000 ( 185) tempR7          .FILL x0000
(3067) 0054  0000000001010100 ( 188) programPurpose  .FILL x0054
(3068) 0068  0000000001101000 ( 188)                 .FILL x0068
(3069) 0069  0000000001101001 ( 188)                 .FILL x0069
(306A) 0073  0000000001110011 ( 188)                 .FILL x0073
(306B) 0020  0000000000100000 ( 188)                 .FILL x0020
(306C) 0070  0000000001110000 ( 188)                 .FILL x0070
(306D) 0072  0000000001110010 ( 188)                 .FILL x0072
(306E) 006F  0000000001101111 ( 188)                 .FILL x006F
(306F) 0067  0000000001100111 ( 188)                 .FILL x0067
(3070) 0072  0000000001110010 ( 188)                 .FILL x0072
(3071) 0061  0000000001100001 ( 188)                 .FILL x0061
(3072) 006D  0000000001101101 ( 188)                 .FILL x006D
(3073) 0020  0000000000100000 ( 188)                 .FILL x0020
(3074) 0077  0000000001110111 ( 188)                 .FILL x0077
(3075) 0069  0000000001101001 ( 188)                 .FILL x0069
(3076) 006C  0000000001101100 ( 188)                 .FILL x006C
(3077) 006C  0000000001101100 ( 188)                 .FILL x006C
(3078) 0020  0000000000100000 ( 188)                 .FILL x0020
(3079) 0061  0000000001100001 ( 188)                 .FILL x0061
(307A) 0064  0000000001100100 ( 188)                 .FILL x0064
(307B) 0064  0000000001100100 ( 188)                 .FILL x0064
(307C) 0020  0000000000100000 ( 188)                 .FILL x0020
(307D) 0074  0000000001110100 ( 188)                 .FILL x0074
(307E) 0077  0000000001110111 ( 188)                 .FILL x0077
(307F) 006F  0000000001101111 ( 188)                 .FILL x006F
(3080) 0020  0000000000100000 ( 188)                 .FILL x0020
(3081) 0032  0000000000110010 ( 188)                 .FILL x0032
(3082) 002D  0000000000101101 ( 188)                 .FILL x002D
(3083) 0064  0000000001100100 ( 188)                 .FILL x0064
(3084) 0069  0000000001101001 ( 188)                 .FILL x0069
(3085) 0067  0000000001100111 ( 188)                 .FILL x0067
(3086) 0069  0000000001101001 ( 188)                 .FILL x0069
(3087) 0074  0000000001110100 ( 188)                 .FILL x0074
(3088) 0020  0000000000100000 ( 188)                 .FILL x0020
(3089) 006E  0000000001101110 ( 188)                 .FILL x006E
(308A) 0075  0000000001110101 ( 188)                 .FILL x0075
(308B) 006D  0000000001101101 ( 188)                 .FILL x006D
(308C) 0062  0000000001100010 ( 188)                 .FILL x0062
(308D) 0065  0000000001100101 ( 188)                 .FILL x0065
(308E) 0072  0000000001110010 ( 188)                 .FILL x0072
(308F) 0073  0000000001110011 ( 188)                 .FILL x0073
(3090) 002E  0000000000101110 ( 188)                 .FILL x002E
(3091) 000A  0000000000001010 ( 188)                 .FILL x000A
(3092) 0055  0000000001010101 ( 188)                 .FILL x0055
(3093) 0073  0000000001110011 ( 188)                 .FILL x0073
(3094) 0065  0000000001100101 ( 188)                 .FILL x0065
(3095) 0020  0000000000100000 ( 188)                 .FILL x0020
(3096) 0030  0000000000110000 ( 188)                 .FILL x0030
(3097) 0020  0000000000100000 ( 188)                 .FILL x0020
(3098) 0061  0000000001100001 ( 188)                 .FILL x0061
(3099) 0073  0000000001110011 ( 188)                 .FILL x0073
(309A) 0020  0000000000100000 ( 188)                 .FILL x0020
(309B) 0061  0000000001100001 ( 188)                 .FILL x0061
(309C) 0020  0000000000100000 ( 188)                 .FILL x0020
(309D) 0070  0000000001110000 ( 188)                 .FILL x0070
(309E) 006C  0000000001101100 ( 188)                 .FILL x006C
(309F) 0061  0000000001100001 ( 188)                 .FILL x0061
(30A0) 0063  0000000001100011 ( 188)                 .FILL x0063
(30A1) 0065  0000000001100101 ( 188)                 .FILL x0065
(30A2) 0068  0000000001101000 ( 188)                 .FILL x0068
(30A3) 006F  0000000001101111 ( 188)                 .FILL x006F
(30A4) 006C  0000000001101100 ( 188)                 .FILL x006C
(30A5) 0064  0000000001100100 ( 188)                 .FILL x0064
(30A6) 0065  0000000001100101 ( 188)                 .FILL x0065
(30A7) 0072  0000000001110010 ( 188)                 .FILL x0072
(30A8) 0020  0000000000100000 ( 188)                 .FILL x0020
(30A9) 0066  0000000001100110 ( 188)                 .FILL x0066
(30AA) 006F  0000000001101111 ( 188)                 .FILL x006F
(30AB) 0072  0000000001110010 ( 188)                 .FILL x0072
(30AC) 0020  0000000000100000 ( 188)                 .FILL x0020
(30AD) 0061  0000000001100001 ( 188)                 .FILL x0061
(30AE) 0020  0000000000100000 ( 188)                 .FILL x0020
(30AF) 0073  0000000001110011 ( 188)                 .FILL x0073
(30B0) 0069  0000000001101001 ( 188)                 .FILL x0069
(30B1) 006E  0000000001101110 ( 188)                 .FILL x006E
(30B2) 0067  0000000001100111 ( 188)                 .FILL x0067
(30B3) 006C  0000000001101100 ( 188)                 .FILL x006C
(30B4) 0065  0000000001100101 ( 188)                 .FILL x0065
(30B5) 0020  0000000000100000 ( 188)                 .FILL x0020
(30B6) 0064  0000000001100100 ( 188)                 .FILL x0064
(30B7) 0069  0000000001101001 ( 188)                 .FILL x0069
(30B8) 0067  0000000001100111 ( 188)                 .FILL x0067
(30B9) 0069  0000000001101001 ( 188)                 .FILL x0069
(30BA) 0074  0000000001110100 ( 188)                 .FILL x0074
(30BB) 0020  0000000000100000 ( 188)                 .FILL x0020
(30BC) 006E  0000000001101110 ( 188)                 .FILL x006E
(30BD) 0075  0000000001110101 ( 188)                 .FILL x0075
(30BE) 006D  0000000001101101 ( 188)                 .FILL x006D
(30BF) 0062  0000000001100010 ( 188)                 .FILL x0062
(30C0) 0065  0000000001100101 ( 188)                 .FILL x0065
(30C1) 0072  0000000001110010 ( 188)                 .FILL x0072
(30C2) 0020  0000000000100000 ( 188)                 .FILL x0020
(30C3) 0028  0000000000101000 ( 188)                 .FILL x0028
(30C4) 0030  0000000000110000 ( 188)                 .FILL x0030
(30C5) 0037  0000000000110111 ( 188)                 .FILL x0037
(30C6) 0020  0000000000100000 ( 188)                 .FILL x0020
(30C7) 0066  0000000001100110 ( 188)                 .FILL x0066
(30C8) 006F  0000000001101111 ( 188)                 .FILL x006F
(30C9) 0072  0000000001110010 ( 188)                 .FILL x0072
(30CA) 0020  0000000000100000 ( 188)                 .FILL x0020
(30CB) 0037  0000000000110111 ( 188)                 .FILL x0037
(30CC) 0020  0000000000100000 ( 188)                 .FILL x0020
(30CD) 0065  0000000001100101 ( 188)                 .FILL x0065
(30CE) 0074  0000000001110100 ( 188)                 .FILL x0074
(30CF) 0063  0000000001100011 ( 188)                 .FILL x0063
(30D0) 0029  0000000000101001 ( 188)                 .FILL x0029
(30D1) 000A  0000000000001010 ( 188)                 .FILL x000A
(30D2) 0000  0000000000000000 ( 188)                 .FILL x0000
(30D3) 0045  0000000001000101 ( 189) userPrompt      .FILL x0045
(30D4) 006E  0000000001101110 ( 189)                 .FILL x006E
(30D5) 0074  0000000001110100 ( 189)                 .FILL x0074
(30D6) 0065  0000000001100101 ( 189)                 .FILL x0065
(30D7) 0072  0000000001110010 ( 189)                 .FILL x0072
(30D8) 0020  0000000000100000 ( 189)                 .FILL x0020
(30D9) 0061  0000000001100001 ( 189)                 .FILL x0061
(30DA) 0020  0000000000100000 ( 189)                 .FILL x0020
(30DB) 0032  0000000000110010 ( 189)                 .FILL x0032
(30DC) 002D  0000000000101101 ( 189)                 .FILL x002D
(30DD) 0064  0000000001100100 ( 189)                 .FILL x0064
(30DE) 0069  0000000001101001 ( 189)                 .FILL x0069
(30DF) 0067  0000000001100111 ( 189)                 .FILL x0067
(30E0) 0069  0000000001101001 ( 189)                 .FILL x0069
(30E1) 0074  0000000001110100 ( 189)                 .FILL x0074
(30E2) 0020  0000000000100000 ( 189)                 .FILL x0020
(30E3) 006E  0000000001101110 ( 189)                 .FILL x006E
(30E4) 0075  0000000001110101 ( 189)                 .FILL x0075
(30E5) 006D  0000000001101101 ( 189)                 .FILL x006D
(30E6) 0062  0000000001100010 ( 189)                 .FILL x0062
(30E7) 0065  0000000001100101 ( 189)                 .FILL x0065
(30E8) 0072  0000000001110010 ( 189)                 .FILL x0072
(30E9) 0020  0000000000100000 ( 189)                 .FILL x0020
(30EA) 003C  0000000000111100 ( 189)                 .FILL x003C
(30EB) 0023  0000000000100011 ( 189)                 .FILL x0023
(30EC) 0023  0000000000100011 ( 189)                 .FILL x0023
(30ED) 003E  0000000000111110 ( 189)                 .FILL x003E
(30EE) 0000  0000000000000000 ( 189)                 .FILL x0000
(30EF) 0053  0000000001010011 ( 190) sumPrompt       .FILL x0053
(30F0) 0075  0000000001110101 ( 190)                 .FILL x0075
(30F1) 006D  0000000001101101 ( 190)                 .FILL x006D
(30F2) 0020  0000000000100000 ( 190)                 .FILL x0020
(30F3) 0069  0000000001101001 ( 190)                 .FILL x0069
(30F4) 0073  0000000001110011 ( 190)                 .FILL x0073
(30F5) 0020  0000000000100000 ( 190)                 .FILL x0020
(30F6) 0000  0000000000000000 ( 190)                 .FILL x0000
(30F7) 000A  0000000000001010 ( 191) newLine         .FILL x000A
